[2025-10-12 18:15:58] local.INFO: Category route binding - Value: brand-new-graphic-card-vga, Field: null  
[2025-10-12 18:15:58] local.INFO: Category slug lookup (stored) result: BRAND NEW GRAPHIC CARD (VGA)  
[2025-10-12 19:09:01] local.INFO: Category route binding - Value: casing, Field: null  
[2025-10-12 19:09:01] local.INFO: Category slug lookup (stored) result: CASING  
[2025-10-12 19:09:07] local.INFO: Category route binding - Value: casing, Field: null  
[2025-10-12 19:09:07] local.INFO: Category slug lookup (stored) result: CASING  
[2025-10-12 19:09:35] local.INFO: Category route binding - Value: casing, Field: null  
[2025-10-12 19:09:35] local.INFO: Category slug lookup (stored) result: CASING  
[2025-10-12 19:09:58] local.INFO: Category route binding - Value: casing, Field: null  
[2025-10-12 19:09:58] local.INFO: Category slug lookup (stored) result: CASING  
[2025-10-12 19:09:58] local.INFO: Product route binding - Value: antec-ax20-rgb-gaming-casingwith-4-rgb-fans, Field: null  
[2025-10-12 19:09:58] local.INFO: Product slug lookup - searching for: antec ax20 rgb gaming casingwith 4 rgb fans  
[2025-10-12 19:09:58] local.INFO: Product slug lookup result: not found  
[2025-10-12 19:11:03] local.ERROR: PHP Parse error: Syntax error, unexpected T_NS_SEPARATOR, expecting ')' on line 1 {"exception":"[object] (Psy\\Exception\\ParseErrorException(code: 0): PHP Parse error: Syntax error, unexpected T_NS_SEPARATOR, expecting ')' on line 1 at C:\\Users\\Dhanushka\\Desktop\\MSK\\MSKMSV3\\vendor\\psy\\psysh\\src\\Exception\\ParseErrorException.php:44)
[stacktrace]
#0 C:\\Users\\Dhanushka\\Desktop\\MSK\\MSKMSV3\\vendor\\psy\\psysh\\src\\CodeCleaner.php(306): Psy\\Exception\\ParseErrorException::fromParseError(Object(PhpParser\\Error))
#1 C:\\Users\\Dhanushka\\Desktop\\MSK\\MSKMSV3\\vendor\\psy\\psysh\\src\\CodeCleaner.php(240): Psy\\CodeCleaner->parse('<?php echo 'Dat...', false)
#2 C:\\Users\\Dhanushka\\Desktop\\MSK\\MSKMSV3\\vendor\\psy\\psysh\\src\\Shell.php(852): Psy\\CodeCleaner->clean(Array, false)
#3 C:\\Users\\Dhanushka\\Desktop\\MSK\\MSKMSV3\\vendor\\psy\\psysh\\src\\Shell.php(881): Psy\\Shell->addCode('echo 'Database ...', true)
#4 C:\\Users\\Dhanushka\\Desktop\\MSK\\MSKMSV3\\vendor\\psy\\psysh\\src\\Shell.php(1390): Psy\\Shell->setCode('echo 'Database ...', true)
#5 C:\\Users\\Dhanushka\\Desktop\\MSK\\MSKMSV3\\vendor\\laravel\\tinker\\src\\Console\\TinkerCommand.php(76): Psy\\Shell->execute('echo 'Database ...')
#6 C:\\Users\\Dhanushka\\Desktop\\MSK\\MSKMSV3\\vendor\\laravel\\framework\\src\\Illuminate\\Container\\BoundMethod.php(36): Laravel\\Tinker\\Console\\TinkerCommand->handle()
#7 C:\\Users\\Dhanushka\\Desktop\\MSK\\MSKMSV3\\vendor\\laravel\\framework\\src\\Illuminate\\Container\\Util.php(43): Illuminate\\Container\\BoundMethod::Illuminate\\Container\\{closure}()
#8 C:\\Users\\Dhanushka\\Desktop\\MSK\\MSKMSV3\\vendor\\laravel\\framework\\src\\Illuminate\\Container\\BoundMethod.php(96): Illuminate\\Container\\Util::unwrapIfClosure(Object(Closure))
#9 C:\\Users\\Dhanushka\\Desktop\\MSK\\MSKMSV3\\vendor\\laravel\\framework\\src\\Illuminate\\Container\\BoundMethod.php(35): Illuminate\\Container\\BoundMethod::callBoundMethod(Object(Illuminate\\Foundation\\Application), Array, Object(Closure))
#10 C:\\Users\\Dhanushka\\Desktop\\MSK\\MSKMSV3\\vendor\\laravel\\framework\\src\\Illuminate\\Container\\Container.php(836): Illuminate\\Container\\BoundMethod::call(Object(Illuminate\\Foundation\\Application), Array, Array, NULL)
#11 C:\\Users\\Dhanushka\\Desktop\\MSK\\MSKMSV3\\vendor\\laravel\\framework\\src\\Illuminate\\Console\\Command.php(211): Illuminate\\Container\\Container->call(Array)
#12 C:\\Users\\Dhanushka\\Desktop\\MSK\\MSKMSV3\\vendor\\symfony\\console\\Command\\Command.php(318): Illuminate\\Console\\Command->execute(Object(Symfony\\Component\\Console\\Input\\ArgvInput), Object(Illuminate\\Console\\OutputStyle))
#13 C:\\Users\\Dhanushka\\Desktop\\MSK\\MSKMSV3\\vendor\\laravel\\framework\\src\\Illuminate\\Console\\Command.php(180): Symfony\\Component\\Console\\Command\\Command->run(Object(Symfony\\Component\\Console\\Input\\ArgvInput), Object(Illuminate\\Console\\OutputStyle))
#14 C:\\Users\\Dhanushka\\Desktop\\MSK\\MSKMSV3\\vendor\\symfony\\console\\Application.php(1110): Illuminate\\Console\\Command->run(Object(Symfony\\Component\\Console\\Input\\ArgvInput), Object(Symfony\\Component\\Console\\Output\\ConsoleOutput))
#15 C:\\Users\\Dhanushka\\Desktop\\MSK\\MSKMSV3\\vendor\\symfony\\console\\Application.php(359): Symfony\\Component\\Console\\Application->doRunCommand(Object(Laravel\\Tinker\\Console\\TinkerCommand), Object(Symfony\\Component\\Console\\Input\\ArgvInput), Object(Symfony\\Component\\Console\\Output\\ConsoleOutput))
#16 C:\\Users\\Dhanushka\\Desktop\\MSK\\MSKMSV3\\vendor\\symfony\\console\\Application.php(194): Symfony\\Component\\Console\\Application->doRun(Object(Symfony\\Component\\Console\\Input\\ArgvInput), Object(Symfony\\Component\\Console\\Output\\ConsoleOutput))
#17 C:\\Users\\Dhanushka\\Desktop\\MSK\\MSKMSV3\\vendor\\laravel\\framework\\src\\Illuminate\\Foundation\\Console\\Kernel.php(197): Symfony\\Component\\Console\\Application->run(Object(Symfony\\Component\\Console\\Input\\ArgvInput), Object(Symfony\\Component\\Console\\Output\\ConsoleOutput))
#18 C:\\Users\\Dhanushka\\Desktop\\MSK\\MSKMSV3\\vendor\\laravel\\framework\\src\\Illuminate\\Foundation\\Application.php(1235): Illuminate\\Foundation\\Console\\Kernel->handle(Object(Symfony\\Component\\Console\\Input\\ArgvInput), Object(Symfony\\Component\\Console\\Output\\ConsoleOutput))
#19 C:\\Users\\Dhanushka\\Desktop\\MSK\\MSKMSV3\\artisan(16): Illuminate\\Foundation\\Application->handleCommand(Object(Symfony\\Component\\Console\\Input\\ArgvInput))
#20 {main}
"} 
[2025-10-12 19:16:41] local.INFO: Category route binding - Value: casing, Field: null  
[2025-10-12 19:16:41] local.INFO: Category slug lookup (stored) result: CASING  
[2025-10-12 19:16:41] local.INFO: Product route binding - Value: antec-ax20-rgb-gaming-casingwith-4-rgb-fans, Field: null  
[2025-10-12 19:16:41] local.INFO: Product slug lookup - searching for: antec ax20 rgb gaming casingwith 4 rgb fans  
[2025-10-12 19:16:41] local.INFO: Product slug lookup result: not found  
[2025-10-12 19:18:19] local.INFO: Category route binding - Value: casing, Field: null  
[2025-10-12 19:18:19] local.INFO: Category slug lookup (stored) result: CASING  
[2025-10-12 19:18:19] local.INFO: Product route binding - Value: antec-ax20-rgb-gaming-casingwith-4-rgb-fans, Field: null  
[2025-10-12 19:18:19] local.INFO: Product slug lookup - searching for: antec ax20 rgb gaming casingwith 4 rgb fans  
[2025-10-12 19:18:19] local.INFO: Product slug lookup result: not found  
[2025-10-12 19:18:55] local.ERROR: PHP Parse error: Syntax error, unexpected T_NS_SEPARATOR, expecting ')' on line 1 {"exception":"[object] (Psy\\Exception\\ParseErrorException(code: 0): PHP Parse error: Syntax error, unexpected T_NS_SEPARATOR, expecting ')' on line 1 at C:\\Users\\Dhanushka\\Desktop\\MSK\\MSKMSV3\\vendor\\psy\\psysh\\src\\Exception\\ParseErrorException.php:44)
[stacktrace]
#0 C:\\Users\\Dhanushka\\Desktop\\MSK\\MSKMSV3\\vendor\\psy\\psysh\\src\\CodeCleaner.php(306): Psy\\Exception\\ParseErrorException::fromParseError(Object(PhpParser\\Error))
#1 C:\\Users\\Dhanushka\\Desktop\\MSK\\MSKMSV3\\vendor\\psy\\psysh\\src\\CodeCleaner.php(240): Psy\\CodeCleaner->parse('<?php echo 'Tes...', false)
#2 C:\\Users\\Dhanushka\\Desktop\\MSK\\MSKMSV3\\vendor\\psy\\psysh\\src\\Shell.php(852): Psy\\CodeCleaner->clean(Array, false)
#3 C:\\Users\\Dhanushka\\Desktop\\MSK\\MSKMSV3\\vendor\\psy\\psysh\\src\\Shell.php(881): Psy\\Shell->addCode('echo 'Testing d...', true)
#4 C:\\Users\\Dhanushka\\Desktop\\MSK\\MSKMSV3\\vendor\\psy\\psysh\\src\\Shell.php(1390): Psy\\Shell->setCode('echo 'Testing d...', true)
#5 C:\\Users\\Dhanushka\\Desktop\\MSK\\MSKMSV3\\vendor\\laravel\\tinker\\src\\Console\\TinkerCommand.php(76): Psy\\Shell->execute('echo 'Testing d...')
#6 C:\\Users\\Dhanushka\\Desktop\\MSK\\MSKMSV3\\vendor\\laravel\\framework\\src\\Illuminate\\Container\\BoundMethod.php(36): Laravel\\Tinker\\Console\\TinkerCommand->handle()
#7 C:\\Users\\Dhanushka\\Desktop\\MSK\\MSKMSV3\\vendor\\laravel\\framework\\src\\Illuminate\\Container\\Util.php(43): Illuminate\\Container\\BoundMethod::Illuminate\\Container\\{closure}()
#8 C:\\Users\\Dhanushka\\Desktop\\MSK\\MSKMSV3\\vendor\\laravel\\framework\\src\\Illuminate\\Container\\BoundMethod.php(96): Illuminate\\Container\\Util::unwrapIfClosure(Object(Closure))
#9 C:\\Users\\Dhanushka\\Desktop\\MSK\\MSKMSV3\\vendor\\laravel\\framework\\src\\Illuminate\\Container\\BoundMethod.php(35): Illuminate\\Container\\BoundMethod::callBoundMethod(Object(Illuminate\\Foundation\\Application), Array, Object(Closure))
#10 C:\\Users\\Dhanushka\\Desktop\\MSK\\MSKMSV3\\vendor\\laravel\\framework\\src\\Illuminate\\Container\\Container.php(836): Illuminate\\Container\\BoundMethod::call(Object(Illuminate\\Foundation\\Application), Array, Array, NULL)
#11 C:\\Users\\Dhanushka\\Desktop\\MSK\\MSKMSV3\\vendor\\laravel\\framework\\src\\Illuminate\\Console\\Command.php(211): Illuminate\\Container\\Container->call(Array)
#12 C:\\Users\\Dhanushka\\Desktop\\MSK\\MSKMSV3\\vendor\\symfony\\console\\Command\\Command.php(318): Illuminate\\Console\\Command->execute(Object(Symfony\\Component\\Console\\Input\\ArgvInput), Object(Illuminate\\Console\\OutputStyle))
#13 C:\\Users\\Dhanushka\\Desktop\\MSK\\MSKMSV3\\vendor\\laravel\\framework\\src\\Illuminate\\Console\\Command.php(180): Symfony\\Component\\Console\\Command\\Command->run(Object(Symfony\\Component\\Console\\Input\\ArgvInput), Object(Illuminate\\Console\\OutputStyle))
#14 C:\\Users\\Dhanushka\\Desktop\\MSK\\MSKMSV3\\vendor\\symfony\\console\\Application.php(1110): Illuminate\\Console\\Command->run(Object(Symfony\\Component\\Console\\Input\\ArgvInput), Object(Symfony\\Component\\Console\\Output\\ConsoleOutput))
#15 C:\\Users\\Dhanushka\\Desktop\\MSK\\MSKMSV3\\vendor\\symfony\\console\\Application.php(359): Symfony\\Component\\Console\\Application->doRunCommand(Object(Laravel\\Tinker\\Console\\TinkerCommand), Object(Symfony\\Component\\Console\\Input\\ArgvInput), Object(Symfony\\Component\\Console\\Output\\ConsoleOutput))
#16 C:\\Users\\Dhanushka\\Desktop\\MSK\\MSKMSV3\\vendor\\symfony\\console\\Application.php(194): Symfony\\Component\\Console\\Application->doRun(Object(Symfony\\Component\\Console\\Input\\ArgvInput), Object(Symfony\\Component\\Console\\Output\\ConsoleOutput))
#17 C:\\Users\\Dhanushka\\Desktop\\MSK\\MSKMSV3\\vendor\\laravel\\framework\\src\\Illuminate\\Foundation\\Console\\Kernel.php(197): Symfony\\Component\\Console\\Application->run(Object(Symfony\\Component\\Console\\Input\\ArgvInput), Object(Symfony\\Component\\Console\\Output\\ConsoleOutput))
#18 C:\\Users\\Dhanushka\\Desktop\\MSK\\MSKMSV3\\vendor\\laravel\\framework\\src\\Illuminate\\Foundation\\Application.php(1235): Illuminate\\Foundation\\Console\\Kernel->handle(Object(Symfony\\Component\\Console\\Input\\ArgvInput), Object(Symfony\\Component\\Console\\Output\\ConsoleOutput))
#19 C:\\Users\\Dhanushka\\Desktop\\MSK\\MSKMSV3\\artisan(16): Illuminate\\Foundation\\Application->handleCommand(Object(Symfony\\Component\\Console\\Input\\ArgvInput))
#20 {main}
"} 
[2025-10-12 19:21:55] local.ERROR: PHP Parse error: Syntax error, unexpected T_NS_SEPARATOR on line 1 {"exception":"[object] (Psy\\Exception\\ParseErrorException(code: 0): PHP Parse error: Syntax error, unexpected T_NS_SEPARATOR on line 1 at C:\\Users\\Dhanushka\\Desktop\\MSK\\MSKMSV3\\vendor\\psy\\psysh\\src\\Exception\\ParseErrorException.php:44)
[stacktrace]
#0 C:\\Users\\Dhanushka\\Desktop\\MSK\\MSKMSV3\\vendor\\psy\\psysh\\src\\CodeCleaner.php(306): Psy\\Exception\\ParseErrorException::fromParseError(Object(PhpParser\\Error))
#1 C:\\Users\\Dhanushka\\Desktop\\MSK\\MSKMSV3\\vendor\\psy\\psysh\\src\\CodeCleaner.php(240): Psy\\CodeCleaner->parse('<?php echo 'Cat...', false)
#2 C:\\Users\\Dhanushka\\Desktop\\MSK\\MSKMSV3\\vendor\\psy\\psysh\\src\\Shell.php(852): Psy\\CodeCleaner->clean(Array, false)
#3 C:\\Users\\Dhanushka\\Desktop\\MSK\\MSKMSV3\\vendor\\psy\\psysh\\src\\Shell.php(881): Psy\\Shell->addCode('echo 'Category ...', true)
#4 C:\\Users\\Dhanushka\\Desktop\\MSK\\MSKMSV3\\vendor\\psy\\psysh\\src\\Shell.php(1390): Psy\\Shell->setCode('echo 'Category ...', true)
#5 C:\\Users\\Dhanushka\\Desktop\\MSK\\MSKMSV3\\vendor\\laravel\\tinker\\src\\Console\\TinkerCommand.php(76): Psy\\Shell->execute('echo 'Category ...')
#6 C:\\Users\\Dhanushka\\Desktop\\MSK\\MSKMSV3\\vendor\\laravel\\framework\\src\\Illuminate\\Container\\BoundMethod.php(36): Laravel\\Tinker\\Console\\TinkerCommand->handle()
#7 C:\\Users\\Dhanushka\\Desktop\\MSK\\MSKMSV3\\vendor\\laravel\\framework\\src\\Illuminate\\Container\\Util.php(43): Illuminate\\Container\\BoundMethod::Illuminate\\Container\\{closure}()
#8 C:\\Users\\Dhanushka\\Desktop\\MSK\\MSKMSV3\\vendor\\laravel\\framework\\src\\Illuminate\\Container\\BoundMethod.php(96): Illuminate\\Container\\Util::unwrapIfClosure(Object(Closure))
#9 C:\\Users\\Dhanushka\\Desktop\\MSK\\MSKMSV3\\vendor\\laravel\\framework\\src\\Illuminate\\Container\\BoundMethod.php(35): Illuminate\\Container\\BoundMethod::callBoundMethod(Object(Illuminate\\Foundation\\Application), Array, Object(Closure))
#10 C:\\Users\\Dhanushka\\Desktop\\MSK\\MSKMSV3\\vendor\\laravel\\framework\\src\\Illuminate\\Container\\Container.php(836): Illuminate\\Container\\BoundMethod::call(Object(Illuminate\\Foundation\\Application), Array, Array, NULL)
#11 C:\\Users\\Dhanushka\\Desktop\\MSK\\MSKMSV3\\vendor\\laravel\\framework\\src\\Illuminate\\Console\\Command.php(211): Illuminate\\Container\\Container->call(Array)
#12 C:\\Users\\Dhanushka\\Desktop\\MSK\\MSKMSV3\\vendor\\symfony\\console\\Command\\Command.php(318): Illuminate\\Console\\Command->execute(Object(Symfony\\Component\\Console\\Input\\ArgvInput), Object(Illuminate\\Console\\OutputStyle))
#13 C:\\Users\\Dhanushka\\Desktop\\MSK\\MSKMSV3\\vendor\\laravel\\framework\\src\\Illuminate\\Console\\Command.php(180): Symfony\\Component\\Console\\Command\\Command->run(Object(Symfony\\Component\\Console\\Input\\ArgvInput), Object(Illuminate\\Console\\OutputStyle))
#14 C:\\Users\\Dhanushka\\Desktop\\MSK\\MSKMSV3\\vendor\\symfony\\console\\Application.php(1110): Illuminate\\Console\\Command->run(Object(Symfony\\Component\\Console\\Input\\ArgvInput), Object(Symfony\\Component\\Console\\Output\\ConsoleOutput))
#15 C:\\Users\\Dhanushka\\Desktop\\MSK\\MSKMSV3\\vendor\\symfony\\console\\Application.php(359): Symfony\\Component\\Console\\Application->doRunCommand(Object(Laravel\\Tinker\\Console\\TinkerCommand), Object(Symfony\\Component\\Console\\Input\\ArgvInput), Object(Symfony\\Component\\Console\\Output\\ConsoleOutput))
#16 C:\\Users\\Dhanushka\\Desktop\\MSK\\MSKMSV3\\vendor\\symfony\\console\\Application.php(194): Symfony\\Component\\Console\\Application->doRun(Object(Symfony\\Component\\Console\\Input\\ArgvInput), Object(Symfony\\Component\\Console\\Output\\ConsoleOutput))
#17 C:\\Users\\Dhanushka\\Desktop\\MSK\\MSKMSV3\\vendor\\laravel\\framework\\src\\Illuminate\\Foundation\\Console\\Kernel.php(197): Symfony\\Component\\Console\\Application->run(Object(Symfony\\Component\\Console\\Input\\ArgvInput), Object(Symfony\\Component\\Console\\Output\\ConsoleOutput))
#18 C:\\Users\\Dhanushka\\Desktop\\MSK\\MSKMSV3\\vendor\\laravel\\framework\\src\\Illuminate\\Foundation\\Application.php(1235): Illuminate\\Foundation\\Console\\Kernel->handle(Object(Symfony\\Component\\Console\\Input\\ArgvInput), Object(Symfony\\Component\\Console\\Output\\ConsoleOutput))
#19 C:\\Users\\Dhanushka\\Desktop\\MSK\\MSKMSV3\\artisan(16): Illuminate\\Foundation\\Application->handleCommand(Object(Symfony\\Component\\Console\\Input\\ArgvInput))
#20 {main}
"} 
[2025-10-12 19:22:26] local.INFO: Category route binding - Value: casing, Field: null  
[2025-10-12 19:22:26] local.INFO: Category slug lookup (stored) result: CASING  
[2025-10-12 19:22:26] local.INFO: Product route binding - Value: antec-ax20-rgb-gaming-casingwith-4-rgb-fans, Field: null  
[2025-10-12 19:22:26] local.INFO: Product slug lookup - searching for: antec ax20 rgb gaming casingwith 4 rgb fans  
[2025-10-12 19:22:26] local.INFO: Product slug lookup result: not found  
[2025-10-12 19:47:34] local.INFO: Category route binding - Value: casing, Field: null  
[2025-10-12 19:47:34] local.INFO: Category slug lookup (stored) result: CASING  
[2025-10-12 19:47:34] local.INFO: Product route binding - Value: antec-ax20-rgb-gaming-casingwith-4-rgb-fans, Field: null  
[2025-10-12 19:47:34] local.INFO: Product slug lookup - searching for: antec ax20 rgb gaming casingwith 4 rgb fans  
[2025-10-12 19:47:34] local.INFO: Product slug lookup result: not found  
[2025-10-12 22:06:00] local.INFO: Category route binding - Value: casing, Field: null  
[2025-10-12 22:06:00] local.INFO: Category slug lookup (stored) result: CASING  
[2025-10-12 22:06:04] local.INFO: Category route binding - Value: casing, Field: null  
[2025-10-12 22:06:04] local.INFO: Category slug lookup (stored) result: CASING  
[2025-10-12 22:06:07] local.INFO: Category route binding - Value: casing, Field: null  
[2025-10-12 22:06:07] local.INFO: Category slug lookup (stored) result: CASING  
[2025-10-12 22:06:07] local.INFO: Product route binding - Value: antec-ax20-rgb-gaming-casingwith-4-rgb-fans, Field: null  
[2025-10-12 22:06:07] local.INFO: Product slug lookup - searching for: antec ax20 rgb gaming casingwith 4 rgb fans  
[2025-10-12 22:06:07] local.INFO: Product slug lookup result: not found  
[2025-10-12 22:06:11] local.INFO: Category route binding - Value: casing, Field: null  
[2025-10-12 22:06:11] local.INFO: Category slug lookup (stored) result: CASING  
[2025-10-12 22:06:11] local.INFO: Product route binding - Value: antec-flux-pro-casing, Field: null  
[2025-10-12 22:06:11] local.INFO: Product found via database slug: ANTEC FLUX PRO CASING  
[2025-10-12 22:06:11] local.INFO: ProductController@show - Category: CASING (ID: 390), Product: ANTEC FLUX PRO CASING (ID: 3174, Category: 390)  
[2025-10-12 22:06:12] local.INFO: Category route binding - Value: casing, Field: null  
[2025-10-12 22:06:12] local.INFO: Category slug lookup (stored) result: CASING  
[2025-10-12 22:06:12] local.INFO: Product route binding - Value: antec-ax20-rgb-gaming-casingwith-4-rgb-fans, Field: null  
[2025-10-12 22:06:12] local.INFO: Product slug lookup - searching for: antec ax20 rgb gaming casingwith 4 rgb fans  
[2025-10-12 22:06:12] local.INFO: Product slug lookup result: not found  
[2025-10-12 22:08:01] local.INFO: Category route binding - Value: casing, Field: null  
[2025-10-12 22:08:01] local.INFO: Category slug lookup (stored) result: CASING  
[2025-10-12 22:08:02] local.INFO: Category route binding - Value: casing, Field: null  
[2025-10-12 22:08:02] local.INFO: Category slug lookup (stored) result: CASING  
[2025-10-12 22:08:03] local.INFO: Category route binding - Value: casing, Field: null  
[2025-10-12 22:08:03] local.INFO: Category slug lookup (stored) result: CASING  
[2025-10-12 22:08:03] local.INFO: Product route binding - Value: antec-ax20-rgb-gaming-casingwith-4-rgb-fans, Field: null  
[2025-10-12 22:08:03] local.INFO: Product slug lookup - searching for: antec ax20 rgb gaming casingwith 4 rgb fans  
[2025-10-12 22:08:03] local.INFO: Product slug lookup result: not found  
[2025-10-12 22:09:10] local.INFO: Category route binding - Value: casing, Field: null  
[2025-10-12 22:09:10] local.INFO: Category slug lookup (stored) result: CASING  
[2025-10-12 22:09:10] local.INFO: Product route binding - Value: antec-ax20-rgb-gaming-casin-gwith-4-rgb-fans, Field: null  
[2025-10-12 22:09:10] local.INFO: Product slug lookup - searching for: antec ax20 rgb gaming casin gwith 4 rgb fans  
[2025-10-12 22:09:10] local.INFO: Product slug lookup result: not found  
[2025-10-12 22:09:22] local.INFO: Category route binding - Value: 15, Field: null  
[2025-10-12 22:09:22] local.INFO: Category ID lookup result: not found  
[2025-10-12 22:09:35] local.INFO: Category route binding - Value: casing, Field: null  
[2025-10-12 22:09:35] local.INFO: Category slug lookup (stored) result: CASING  
[2025-10-12 22:09:35] local.INFO: Product route binding - Value: antec-ax20-rgb-gaming-casing-with-4-rgb-fans, Field: null  
[2025-10-12 22:09:35] local.INFO: Product slug lookup - searching for: antec ax20 rgb gaming casing with 4 rgb fans  
[2025-10-12 22:09:35] local.INFO: Product slug lookup result: ANTEC AX20 RGB GAMING CASING(WITH 4 RGB FANS)  
[2025-10-12 22:09:35] local.INFO: ProductController@show - Category: CASING (ID: 390), Product: ANTEC AX20 RGB GAMING CASING(WITH 4 RGB FANS) (ID: 1203, Category: 390)  
[2025-10-12 22:14:06] local.INFO: Category route binding - Value: casing, Field: null  
[2025-10-12 22:14:06] local.INFO: Category slug lookup (stored) result: CASING  
[2025-10-12 22:14:06] local.INFO: Product route binding - Value: antec-ax20-rgb-gaming-casin-gwith-4-rgb-fans, Field: null  
[2025-10-12 22:14:06] local.INFO: Product slug lookup - searching for: antec ax20 rgb gaming casin gwith 4 rgb fans  
[2025-10-12 22:14:06] local.INFO: Product slug lookup result: not found  
[2025-10-12 22:16:48] local.ERROR: Cannot redeclare App\Models\SmaCategory::getSlugAttribute() {"exception":"[object] (Symfony\\Component\\ErrorHandler\\Error\\FatalError(code: 0): Cannot redeclare App\\Models\\SmaCategory::getSlugAttribute() at C:\\Users\\Dhanushka\\Desktop\\MSK\\MSKMSV3\\app\\Models\\SmaCategory.php:148)
[stacktrace]
#0 {main}
"} 
[2025-10-12 22:16:53] local.ERROR: Cannot redeclare App\Models\SmaCategory::getSlugAttribute() {"exception":"[object] (Symfony\\Component\\ErrorHandler\\Error\\FatalError(code: 0): Cannot redeclare App\\Models\\SmaCategory::getSlugAttribute() at C:\\Users\\Dhanushka\\Desktop\\MSK\\MSKMSV3\\app\\Models\\SmaCategory.php:148)
[stacktrace]
#0 {main}
"} 
[2025-10-12 22:18:18] local.INFO: Category route binding - Value: casing, Field: null  
[2025-10-12 22:18:19] local.INFO: Category slug lookup (stored) result: CASING  
[2025-10-12 22:18:21] local.INFO: Category route binding - Value: casing, Field: null  
[2025-10-12 22:18:21] local.INFO: Category slug lookup (stored) result: CASING  
[2025-10-12 22:18:22] local.INFO: Category route binding - Value: casing, Field: null  
[2025-10-12 22:18:22] local.INFO: Category slug lookup (stored) result: CASING  
[2025-10-12 22:18:22] local.INFO: Product route binding - Value: antec-ax20-rgb-gaming-casing-with-4-rgb-fans, Field: null  
[2025-10-12 22:18:22] local.INFO: Product slug lookup - searching for: antec ax20 rgb gaming casing with 4 rgb fans  
[2025-10-12 22:18:22] local.INFO: Product slug lookup result: ANTEC AX20 RGB GAMING CASING(WITH 4 RGB FANS)  
[2025-10-12 22:18:22] local.INFO: ProductController@show - Category: CASING (ID: 390), Product: ANTEC AX20 RGB GAMING CASING(WITH 4 RGB FANS) (ID: 1203, Category: 390)  
[2025-10-12 22:18:32] local.INFO: Category route binding - Value: brand-new-processor, Field: null  
[2025-10-12 22:18:32] local.INFO: Category slug lookup (stored) result: BRAND NEW PROCESSOR  
[2025-10-12 22:18:41] local.INFO: Category route binding - Value: brand-new-processor, Field: null  
[2025-10-12 22:18:41] local.INFO: Category slug lookup (stored) result: BRAND NEW PROCESSOR  
[2025-10-12 22:18:57] local.INFO: FallbackController - Unknown URL: .well-known/appspecific/com.chrome.devtools.json  
[2025-10-12 22:18:59] local.INFO: Category route binding - Value: brand-new-processor, Field: null  
[2025-10-12 22:18:59] local.INFO: Category slug lookup (stored) result: BRAND NEW PROCESSOR  
[2025-10-12 22:19:00] local.INFO: FallbackController - Unknown URL: .well-known/appspecific/com.chrome.devtools.json  
[2025-10-12 22:19:09] local.INFO: Category route binding - Value: brand-new-processor, Field: null  
[2025-10-12 22:19:09] local.INFO: Category slug lookup (stored) result: BRAND NEW PROCESSOR  
[2025-10-12 22:19:09] local.INFO: FallbackController - Unknown URL: .well-known/appspecific/com.chrome.devtools.json  
[2025-10-12 22:19:10] local.INFO: Category route binding - Value: brand-new-processor, Field: null  
[2025-10-12 22:19:10] local.INFO: Category slug lookup (stored) result: BRAND NEW PROCESSOR  
[2025-10-12 22:19:10] local.INFO: Product route binding - Value: amd-ryzen-5-5500-processor-for-pc-bulid-only, Field: null  
[2025-10-12 22:19:10] local.INFO: Product found via database slug: AMD RYZEN 5 5500 PROCESSOR ( Not Sold Separately )  
[2025-10-12 22:19:10] local.INFO: ProductController@show - Category: BRAND NEW PROCESSOR (ID: 412), Product: AMD RYZEN 5 5500 PROCESSOR ( Not Sold Separately ) (ID: 426, Category: 382)  
[2025-10-12 22:19:11] local.INFO: FallbackController - Unknown URL: .well-known/appspecific/com.chrome.devtools.json  
[2025-10-12 22:19:14] local.INFO: Category route binding - Value: brand-new-laptop, Field: null  
[2025-10-12 22:19:14] local.INFO: Category slug lookup (stored) result: BRAND NEW LAPTOP  
[2025-10-12 22:19:14] local.INFO: FallbackController - Unknown URL: .well-known/appspecific/com.chrome.devtools.json  
[2025-10-12 22:19:17] local.INFO: Category route binding - Value: brand-new-motherboard, Field: null  
[2025-10-12 22:19:17] local.INFO: Category slug lookup (stored) result: BRAND NEW MOTHERBOARD  
[2025-10-12 22:19:18] local.INFO: FallbackController - Unknown URL: .well-known/appspecific/com.chrome.devtools.json  
[2025-10-12 22:19:20] local.INFO: Category route binding - Value: brand-new-motherboard, Field: null  
[2025-10-12 22:19:20] local.INFO: Category slug lookup (stored) result: BRAND NEW MOTHERBOARD  
[2025-10-12 22:19:20] local.INFO: Product route binding - Value: msi-x870-gaming-plus-wi-fi-ddr5-motherboard, Field: null  
[2025-10-12 22:19:20] local.INFO: Product found via database slug: MSI X870 GAMING PLUS (WI-FI) DDR5 MOTHERBOARD  
[2025-10-12 22:19:20] local.INFO: ProductController@show - Category: BRAND NEW MOTHERBOARD (ID: 413), Product: MSI X870 GAMING PLUS (WI-FI) DDR5 MOTHERBOARD (ID: 2595, Category: 383)  
[2025-10-12 22:19:21] local.INFO: FallbackController - Unknown URL: .well-known/appspecific/com.chrome.devtools.json  
[2025-10-12 22:19:23] local.INFO: Category route binding - Value: brand-new-motherboard, Field: null  
[2025-10-12 22:19:23] local.INFO: Category slug lookup (stored) result: BRAND NEW MOTHERBOARD  
[2025-10-12 22:19:23] local.INFO: Product route binding - Value: msi-x870-gaming-plus-wi-fi-ddr5-motherboard, Field: null  
[2025-10-12 22:19:23] local.INFO: Product found via database slug: MSI X870 GAMING PLUS (WI-FI) DDR5 MOTHERBOARD  
[2025-10-12 22:19:23] local.INFO: ProductController@show - Category: BRAND NEW MOTHERBOARD (ID: 413), Product: MSI X870 GAMING PLUS (WI-FI) DDR5 MOTHERBOARD (ID: 2595, Category: 383)  
[2025-10-12 22:19:23] local.INFO: FallbackController - Unknown URL: .well-known/appspecific/com.chrome.devtools.json  
[2025-10-12 22:19:26] local.INFO: Category route binding - Value: brand-new-motherboard, Field: null  
[2025-10-12 22:19:26] local.INFO: Category slug lookup (stored) result: BRAND NEW MOTHERBOARD  
[2025-10-12 22:19:26] local.INFO: Product route binding - Value: msi-x870-gaming-plus-wi-fi-ddr5-motherboard, Field: null  
[2025-10-12 22:19:26] local.INFO: Product found via database slug: MSI X870 GAMING PLUS (WI-FI) DDR5 MOTHERBOARD  
[2025-10-12 22:19:26] local.INFO: ProductController@show - Category: BRAND NEW MOTHERBOARD (ID: 413), Product: MSI X870 GAMING PLUS (WI-FI) DDR5 MOTHERBOARD (ID: 2595, Category: 383)  
[2025-10-12 22:19:26] local.INFO: FallbackController - Unknown URL: .well-known/appspecific/com.chrome.devtools.json  
[2025-10-12 22:19:28] local.INFO: Category route binding - Value: brand-new-motherboard, Field: null  
[2025-10-12 22:19:28] local.INFO: Category slug lookup (stored) result: BRAND NEW MOTHERBOARD  
[2025-10-12 22:19:28] local.INFO: Product route binding - Value: msi-x870-gaming-plus-wi-fi-ddr5-motherboard, Field: null  
[2025-10-12 22:19:28] local.INFO: Product found via database slug: MSI X870 GAMING PLUS (WI-FI) DDR5 MOTHERBOARD  
[2025-10-12 22:19:28] local.INFO: ProductController@show - Category: BRAND NEW MOTHERBOARD (ID: 413), Product: MSI X870 GAMING PLUS (WI-FI) DDR5 MOTHERBOARD (ID: 2595, Category: 383)  
[2025-10-12 22:19:29] local.INFO: FallbackController - Unknown URL: .well-known/appspecific/com.chrome.devtools.json  
[2025-10-12 22:19:35] local.INFO: FallbackController - Unknown URL: .well-known/appspecific/com.chrome.devtools.json  
[2025-10-12 22:19:37] local.INFO: Category route binding - Value: brand-new-laptop, Field: null  
[2025-10-12 22:19:37] local.INFO: Category slug lookup (stored) result: BRAND NEW LAPTOP  
[2025-10-12 22:19:37] local.INFO: FallbackController - Unknown URL: .well-known/appspecific/com.chrome.devtools.json  
[2025-10-12 22:19:38] local.INFO: Category route binding - Value: brand-new-laptop, Field: null  
[2025-10-12 22:19:38] local.INFO: Category slug lookup (stored) result: BRAND NEW LAPTOP  
[2025-10-12 22:19:38] local.INFO: Product route binding - Value: asus-tuf-a15-fa506n-amd-r7-7445hs-8gb-512gb-nvme-156inc, Field: null  
[2025-10-12 22:19:38] local.INFO: Product found via database slug: ASUS TUF A15 FA506N AMD R7 7445HS | 8GB | 512GB NVME | 15.6INCH | RTX 3050 4GB | 15.6INCH LAPTOP  
[2025-10-12 22:19:38] local.INFO: ProductController@show - Category: BRAND NEW LAPTOP (ID: 411), Product: ASUS TUF A15 FA506N AMD R7 7445HS | 8GB | 512GB NVME | 15.6INCH | RTX 3050 4GB | 15.6INCH LAPTOP (ID: 3237, Category: 381)  
[2025-10-12 22:19:39] local.INFO: FallbackController - Unknown URL: .well-known/appspecific/com.chrome.devtools.json  
[2025-10-12 22:19:40] local.INFO: FallbackController - Unknown URL: .well-known/appspecific/com.chrome.devtools.json  
[2025-10-12 22:20:25] local.INFO: Category route binding - Value: brand-new-motherboard, Field: null  
[2025-10-12 22:20:25] local.INFO: Category slug lookup (stored) result: BRAND NEW MOTHERBOARD  
[2025-10-12 22:30:05] local.INFO: Category route binding - Value: brand-new-processor, Field: null  
[2025-10-12 22:30:05] local.INFO: Category slug lookup (stored) result: BRAND NEW PROCESSOR  
[2025-10-12 22:30:07] local.INFO: FallbackController - Unknown URL: .well-known/appspecific/com.chrome.devtools.json  
[2025-10-12 22:30:56] local.INFO: Category route binding - Value: brand-new-processor, Field: null  
[2025-10-12 22:30:56] local.INFO: Category slug lookup (stored) result: BRAND NEW PROCESSOR  
[2025-10-12 22:30:56] local.INFO: FallbackController - Unknown URL: .well-known/appspecific/com.chrome.devtools.json  
[2025-10-12 22:31:35] local.INFO: Category route binding - Value: brand-new-processor, Field: null  
[2025-10-12 22:31:35] local.INFO: Category slug lookup (stored) result: BRAND NEW PROCESSOR  
[2025-10-12 22:31:36] local.INFO: FallbackController - Unknown URL: .well-known/appspecific/com.chrome.devtools.json  
[2025-10-12 22:32:08] local.INFO: Category route binding - Value: brand-new-processor, Field: null  
[2025-10-12 22:32:08] local.INFO: Category slug lookup (stored) result: BRAND NEW PROCESSOR  
[2025-10-12 22:32:09] local.INFO: FallbackController - Unknown URL: .well-known/appspecific/com.chrome.devtools.json  
[2025-10-12 22:32:26] local.INFO: Category route binding - Value: brand-new-processor, Field: null  
[2025-10-12 22:32:26] local.INFO: Category slug lookup (stored) result: BRAND NEW PROCESSOR  
[2025-10-12 22:32:32] local.INFO: Cart add request: {"product_id":426,"quantity":1} 
[2025-10-12 22:32:32] local.INFO: Product found: {"product":426} 
[2025-10-12 22:32:33] local.INFO: Category route binding - Value: brand-new-processor, Field: null  
[2025-10-12 22:32:33] local.INFO: Category slug lookup (stored) result: BRAND NEW PROCESSOR  
[2025-10-12 22:32:34] local.INFO: Cart add request: {"product_id":3197,"quantity":1} 
[2025-10-12 22:32:34] local.INFO: Product found: {"product":3197} 
[2025-10-12 22:32:35] local.INFO: Cart add request: {"product_id":3196,"quantity":1} 
[2025-10-12 22:32:35] local.INFO: Product found: {"product":3196} 
[2025-10-12 22:32:46] local.INFO: Category route binding - Value: brand-new-processor, Field: null  
[2025-10-12 22:32:46] local.INFO: Category slug lookup (stored) result: BRAND NEW PROCESSOR  
[2025-10-12 22:33:46] local.INFO: Category route binding - Value: brand-new-processor, Field: null  
[2025-10-12 22:33:46] local.INFO: Category slug lookup (stored) result: BRAND NEW PROCESSOR  
[2025-10-12 22:33:58] local.INFO: Category route binding - Value: brand-new-processor, Field: null  
[2025-10-12 22:33:58] local.INFO: Category slug lookup (stored) result: BRAND NEW PROCESSOR  
[2025-10-12 22:34:05] local.INFO: Cart add request: {"product_id":426,"quantity":1} 
[2025-10-12 22:34:05] local.INFO: Product found: {"product":426} 
[2025-10-12 22:34:06] local.INFO: Cart add request: {"product_id":3197,"quantity":1} 
[2025-10-12 22:34:06] local.INFO: Product found: {"product":3197} 
[2025-10-12 22:34:08] local.INFO: Category route binding - Value: brand-new-processor, Field: null  
[2025-10-12 22:34:08] local.INFO: Category slug lookup (stored) result: BRAND NEW PROCESSOR  
[2025-10-12 22:34:10] local.INFO: Category route binding - Value: brand-new-processor, Field: null  
[2025-10-12 22:34:10] local.INFO: Category slug lookup (stored) result: BRAND NEW PROCESSOR  
[2025-10-12 22:34:10] local.INFO: Product route binding - Value: amd-ryzen-5-7600-processor, Field: null  
[2025-10-12 22:34:10] local.INFO: Product found via database slug: AMD RYZEN 5 7600 PROCESSOR  
[2025-10-12 22:34:10] local.INFO: ProductController@show - Category: BRAND NEW PROCESSOR (ID: 412), Product: AMD RYZEN 5 7600 PROCESSOR (ID: 3197, Category: 382)  
[2025-10-12 22:34:11] local.INFO: Cart add request: {"product_id":3197,"quantity":1} 
[2025-10-12 22:34:11] local.INFO: Product found: {"product":3197} 
[2025-10-12 22:34:14] local.INFO: Cart add request: {"product_id":3197,"quantity":1} 
[2025-10-12 22:34:14] local.INFO: Product found: {"product":3197} 
[2025-10-12 22:37:49] local.INFO: Category route binding - Value: brand-new-processor, Field: null  
[2025-10-12 22:37:49] local.INFO: Category slug lookup (stored) result: BRAND NEW PROCESSOR  
[2025-10-12 22:37:52] local.INFO: Cart add request: {"product_id":426,"quantity":1} 
[2025-10-12 22:37:52] local.INFO: Product found: {"product":426} 
[2025-10-12 22:37:53] local.INFO: Cart add request: {"product_id":3197,"quantity":1} 
[2025-10-12 22:37:53] local.INFO: Product found: {"product":3197} 
[2025-10-12 22:37:59] local.INFO: Category route binding - Value: brand-new-processor, Field: null  
[2025-10-12 22:37:59] local.INFO: Category slug lookup (stored) result: BRAND NEW PROCESSOR  
[2025-10-12 22:37:59] local.INFO: Product route binding - Value: amd-ryzen-5-5500-processor-for-pc-bulid-only, Field: null  
[2025-10-12 22:37:59] local.INFO: Product found via database slug: AMD RYZEN 5 5500 PROCESSOR ( Not Sold Separately )  
[2025-10-12 22:37:59] local.INFO: ProductController@show - Category: BRAND NEW PROCESSOR (ID: 412), Product: AMD RYZEN 5 5500 PROCESSOR ( Not Sold Separately ) (ID: 426, Category: 382)  
[2025-10-12 22:38:06] local.INFO: Cart page accessed {"referer":"http://127.0.0.1:8000/brand-new-processor/amd-ryzen-5-5500-processor-for-pc-bulid-only","user_agent":"Mozilla/5.0 (Windows NT 10.0; Win64; x64) AppleWebKit/537.36 (KHTML, like Gecko) Chrome/141.0.0.0 Safari/537.36","query_params":[],"session_id":"H2HHX926R8fHwVLwf8IKM94dqTCBZ9ZtpNvLtgPv","user_id":null,"timestamp":"2025-10-12 22:38:06"} 
[2025-10-12 23:07:13] local.INFO: Category route binding - Value: brand-new-motherboard, Field: null  
[2025-10-12 23:07:13] local.INFO: Category slug lookup (stored) result: BRAND NEW MOTHERBOARD  
[2025-10-12 23:07:18] local.INFO: Category route binding - Value: brand-new-motherboard, Field: null  
[2025-10-12 23:07:18] local.INFO: Category slug lookup (stored) result: BRAND NEW MOTHERBOARD  
[2025-10-12 23:07:18] local.INFO: Product route binding - Value: msi-a520m-a-pro-motherboard-pc-bulid-only, Field: null  
[2025-10-12 23:07:18] local.INFO: Product found via database slug: MSI A520M-A PRO MOTHERBOARD   
[2025-10-12 23:07:18] local.INFO: ProductController@show - Category: BRAND NEW MOTHERBOARD (ID: 413), Product: MSI A520M-A PRO MOTHERBOARD  (ID: 461, Category: 383)  
[2025-10-12 23:08:26] local.INFO: Category route binding - Value: brand-new-motherboard, Field: null  
[2025-10-12 23:08:26] local.INFO: Category slug lookup (stored) result: BRAND NEW MOTHERBOARD  
[2025-10-12 23:09:44] local.INFO: Category route binding - Value: brand-new-motherboard, Field: null  
[2025-10-12 23:09:44] local.INFO: Category slug lookup (stored) result: BRAND NEW MOTHERBOARD  
[2025-10-12 23:10:03] local.INFO: Category route binding - Value: brand-new-motherboard, Field: null  
[2025-10-12 23:10:03] local.INFO: Category slug lookup (stored) result: BRAND NEW MOTHERBOARD  
[2025-10-12 23:10:03] local.INFO: Category route binding - Value: brand-new-graphic-card-vga, Field: null  
[2025-10-12 23:10:03] local.INFO: Category slug lookup (stored) result: BRAND NEW GRAPHIC CARD (VGA)  
[2025-10-12 23:11:10] local.INFO: Category route binding - Value: brand-new-motherboard, Field: null  
[2025-10-12 23:11:10] local.INFO: Category slug lookup (stored) result: BRAND NEW MOTHERBOARD  
[2025-10-12 23:11:10] local.INFO: Category route binding - Value: brand-new-graphic-card-vga, Field: null  
[2025-10-12 23:11:10] local.INFO: Category slug lookup (stored) result: BRAND NEW GRAPHIC CARD (VGA)  
[2025-10-12 23:11:28] local.INFO: Category route binding - Value: brand-new-graphic-card-vga, Field: null  
[2025-10-12 23:11:28] local.INFO: Category slug lookup (stored) result: BRAND NEW GRAPHIC CARD (VGA)  
[2025-10-12 23:11:29] local.INFO: Category route binding - Value: brand-new-motherboard, Field: null  
[2025-10-12 23:11:29] local.INFO: Category slug lookup (stored) result: BRAND NEW MOTHERBOARD  
[2025-10-12 23:12:02] local.INFO: Category route binding - Value: brand-new-graphic-card-vga, Field: null  
[2025-10-12 23:12:02] local.INFO: Category slug lookup (stored) result: BRAND NEW GRAPHIC CARD (VGA)  
[2025-10-12 23:12:05] local.INFO: Category route binding - Value: brand-new-graphic-card-vga, Field: null  
[2025-10-12 23:12:05] local.INFO: Category slug lookup (stored) result: BRAND NEW GRAPHIC CARD (VGA)  
[2025-10-12 23:12:05] local.INFO: Product route binding - Value: zotac-rtx5060-8gb-twin-edge-oc-white-graphic-card, Field: null  
[2025-10-12 23:12:05] local.INFO: Product found via database slug: ZOTAC RTX5060 8GB TWIN EDGE OC WHITE GRAPHIC CARD  
[2025-10-12 23:12:05] local.INFO: ProductController@show - Category: BRAND NEW GRAPHIC CARD (VGA) (ID: 415), Product: ZOTAC RTX5060 8GB TWIN EDGE OC WHITE GRAPHIC CARD (ID: 3069, Category: 385)  
[2025-10-12 23:13:59] local.INFO: Category route binding - Value: brand-new-motherboard, Field: null  
[2025-10-12 23:13:59] local.INFO: Category slug lookup (stored) result: BRAND NEW MOTHERBOARD  
[2025-10-12 23:13:59] local.INFO: Category route binding - Value: brand-new-graphic-card-vga, Field: null  
[2025-10-12 23:13:59] local.INFO: Category slug lookup (stored) result: BRAND NEW GRAPHIC CARD (VGA)  
[2025-10-12 23:14:12] local.INFO: Category route binding - Value: brand-new-graphic-card-vga, Field: null  
[2025-10-12 23:14:12] local.INFO: Category slug lookup (stored) result: BRAND NEW GRAPHIC CARD (VGA)  
[2025-10-12 23:14:12] local.INFO: Category route binding - Value: brand-new-motherboard, Field: null  
[2025-10-12 23:14:12] local.INFO: Category slug lookup (stored) result: BRAND NEW MOTHERBOARD  
[2025-10-12 23:14:32] local.INFO: Category route binding - Value: brand-new-motherboard, Field: null  
[2025-10-12 23:14:32] local.INFO: Category slug lookup (stored) result: BRAND NEW MOTHERBOARD  
[2025-10-12 23:14:34] local.INFO: Category route binding - Value: brand-new-graphic-card-vga, Field: null  
[2025-10-12 23:14:34] local.INFO: Category slug lookup (stored) result: BRAND NEW GRAPHIC CARD (VGA)  
[2025-10-12 23:15:28] local.INFO: Category route binding - Value: brand-new-motherboard, Field: null  
[2025-10-12 23:15:28] local.INFO: Category slug lookup (stored) result: BRAND NEW MOTHERBOARD  
[2025-10-12 23:15:35] local.INFO: Category route binding - Value: brand-new-motherboard, Field: null  
[2025-10-12 23:15:35] local.INFO: Category slug lookup (stored) result: BRAND NEW MOTHERBOARD  
[2025-10-12 23:15:35] local.INFO: Product route binding - Value: msi-pro-b760m-e-ddr5-motherboard, Field: null  
[2025-10-12 23:15:35] local.INFO: Product found via database slug: MSI PRO B760M-E DDR5 MOTHERBOARD   
[2025-10-12 23:15:35] local.INFO: ProductController@show - Category: BRAND NEW MOTHERBOARD (ID: 413), Product: MSI PRO B760M-E DDR5 MOTHERBOARD  (ID: 3059, Category: 383)  
[2025-10-12 23:15:43] local.INFO: Category route binding - Value: brand-new-motherboard, Field: null  
[2025-10-12 23:15:43] local.INFO: Category slug lookup (stored) result: BRAND NEW MOTHERBOARD  
[2025-10-12 23:16:39] local.INFO: Category route binding - Value: brand-new-motherboard, Field: null  
[2025-10-12 23:16:39] local.INFO: Category slug lookup (stored) result: BRAND NEW MOTHERBOARD  
[2025-10-12 23:16:39] local.INFO: Product route binding - Value: msi-pro-b760m-e-ddr5-motherboard, Field: null  
[2025-10-12 23:16:39] local.INFO: Product found via database slug: MSI PRO B760M-E DDR5 MOTHERBOARD   
[2025-10-12 23:16:39] local.INFO: ProductController@show - Category: BRAND NEW MOTHERBOARD (ID: 413), Product: MSI PRO B760M-E DDR5 MOTHERBOARD  (ID: 3059, Category: 383)  
[2025-10-12 23:16:39] local.INFO: Category route binding - Value: brand-new-graphic-card-vga, Field: null  
[2025-10-12 23:16:39] local.INFO: Category slug lookup (stored) result: BRAND NEW GRAPHIC CARD (VGA)  
[2025-10-12 23:16:40] local.INFO: Category route binding - Value: brand-new-motherboard, Field: null  
[2025-10-12 23:16:40] local.INFO: Category slug lookup (stored) result: BRAND NEW MOTHERBOARD  
[2025-10-12 23:16:47] local.INFO: Category route binding - Value: brand-new-motherboard, Field: null  
[2025-10-12 23:16:47] local.INFO: Category slug lookup (stored) result: BRAND NEW MOTHERBOARD  
[2025-10-12 23:16:47] local.INFO: Category route binding - Value: brand-new-motherboard, Field: null  
[2025-10-12 23:16:47] local.INFO: Category slug lookup (stored) result: BRAND NEW MOTHERBOARD  
[2025-10-12 23:16:47] local.INFO: Product route binding - Value: msi-pro-b760m-e-ddr5-motherboard, Field: null  
[2025-10-12 23:16:47] local.INFO: Product found via database slug: MSI PRO B760M-E DDR5 MOTHERBOARD   
[2025-10-12 23:16:47] local.INFO: ProductController@show - Category: BRAND NEW MOTHERBOARD (ID: 413), Product: MSI PRO B760M-E DDR5 MOTHERBOARD  (ID: 3059, Category: 383)  
[2025-10-12 23:16:48] local.INFO: Category route binding - Value: brand-new-graphic-card-vga, Field: null  
[2025-10-12 23:16:48] local.INFO: Category slug lookup (stored) result: BRAND NEW GRAPHIC CARD (VGA)  
[2025-10-12 23:16:56] local.INFO: Category route binding - Value: brand-new-motherboard, Field: null  
[2025-10-12 23:16:56] local.INFO: Category slug lookup (stored) result: BRAND NEW MOTHERBOARD  
[2025-10-12 23:16:56] local.INFO: Product route binding - Value: msi-pro-b760m-e-ddr5-motherboard, Field: null  
[2025-10-12 23:16:56] local.INFO: Product found via database slug: MSI PRO B760M-E DDR5 MOTHERBOARD   
[2025-10-12 23:16:56] local.INFO: ProductController@show - Category: BRAND NEW MOTHERBOARD (ID: 413), Product: MSI PRO B760M-E DDR5 MOTHERBOARD  (ID: 3059, Category: 383)  
[2025-10-12 23:16:56] local.INFO: Category route binding - Value: brand-new-graphic-card-vga, Field: null  
[2025-10-12 23:16:56] local.INFO: Category slug lookup (stored) result: BRAND NEW GRAPHIC CARD (VGA)  
[2025-10-12 23:16:57] local.INFO: Category route binding - Value: brand-new-motherboard, Field: null  
[2025-10-12 23:16:57] local.INFO: Category slug lookup (stored) result: BRAND NEW MOTHERBOARD  
[2025-10-12 23:17:04] local.INFO: Category route binding - Value: brand-new-graphic-card-vga, Field: null  
[2025-10-12 23:17:04] local.INFO: Category slug lookup (stored) result: BRAND NEW GRAPHIC CARD (VGA)  
[2025-10-12 23:17:05] local.INFO: Category route binding - Value: brand-new-motherboard, Field: null  
[2025-10-12 23:17:05] local.INFO: Category slug lookup (stored) result: BRAND NEW MOTHERBOARD  
[2025-10-12 23:17:05] local.INFO: Category route binding - Value: brand-new-motherboard, Field: null  
[2025-10-12 23:17:05] local.INFO: Category slug lookup (stored) result: BRAND NEW MOTHERBOARD  
[2025-10-12 23:17:05] local.INFO: Product route binding - Value: msi-pro-b760m-e-ddr5-motherboard, Field: null  
[2025-10-12 23:17:05] local.INFO: Product found via database slug: MSI PRO B760M-E DDR5 MOTHERBOARD   
[2025-10-12 23:17:05] local.INFO: ProductController@show - Category: BRAND NEW MOTHERBOARD (ID: 413), Product: MSI PRO B760M-E DDR5 MOTHERBOARD  (ID: 3059, Category: 383)  
[2025-10-12 23:17:41] local.INFO: Category route binding - Value: brand-new-graphic-card-vga, Field: null  
[2025-10-12 23:17:41] local.INFO: Category slug lookup (stored) result: BRAND NEW GRAPHIC CARD (VGA)  
[2025-10-12 23:17:42] local.INFO: Category route binding - Value: brand-new-motherboard, Field: null  
[2025-10-12 23:17:42] local.INFO: Category slug lookup (stored) result: BRAND NEW MOTHERBOARD  
[2025-10-12 23:17:42] local.INFO: Product route binding - Value: msi-pro-b760m-e-ddr5-motherboard, Field: null  
[2025-10-12 23:17:42] local.INFO: Product found via database slug: MSI PRO B760M-E DDR5 MOTHERBOARD   
[2025-10-12 23:17:42] local.INFO: ProductController@show - Category: BRAND NEW MOTHERBOARD (ID: 413), Product: MSI PRO B760M-E DDR5 MOTHERBOARD  (ID: 3059, Category: 383)  
[2025-10-12 23:17:43] local.INFO: Category route binding - Value: brand-new-motherboard, Field: null  
[2025-10-12 23:17:44] local.INFO: Category slug lookup (stored) result: BRAND NEW MOTHERBOARD  
[2025-10-12 23:17:44] local.INFO: Category route binding - Value: brand-new-motherboard, Field: null  
[2025-10-12 23:17:44] local.INFO: Category slug lookup (stored) result: BRAND NEW MOTHERBOARD  
[2025-10-12 23:17:44] local.INFO: Category route binding - Value: brand-new-motherboard, Field: null  
[2025-10-12 23:17:44] local.INFO: Category slug lookup (stored) result: BRAND NEW MOTHERBOARD  
[2025-10-12 23:17:45] local.INFO: Category route binding - Value: brand-new-motherboard, Field: null  
[2025-10-12 23:17:45] local.INFO: Category slug lookup (stored) result: BRAND NEW MOTHERBOARD  
[2025-10-12 23:17:45] local.INFO: Category route binding - Value: brand-new-graphic-card-vga, Field: null  
[2025-10-12 23:17:45] local.INFO: Category slug lookup (stored) result: BRAND NEW GRAPHIC CARD (VGA)  
[2025-10-12 23:17:45] local.INFO: Category route binding - Value: brand-new-motherboard, Field: null  
[2025-10-12 23:17:45] local.INFO: Category slug lookup (stored) result: BRAND NEW MOTHERBOARD  
[2025-10-12 23:17:45] local.INFO: Product route binding - Value: msi-pro-b760m-e-ddr5-motherboard, Field: null  
[2025-10-12 23:17:45] local.INFO: Product found via database slug: MSI PRO B760M-E DDR5 MOTHERBOARD   
[2025-10-12 23:17:45] local.INFO: ProductController@show - Category: BRAND NEW MOTHERBOARD (ID: 413), Product: MSI PRO B760M-E DDR5 MOTHERBOARD  (ID: 3059, Category: 383)  
[2025-10-12 23:17:46] local.INFO: Category route binding - Value: brand-new-motherboard, Field: null  
[2025-10-12 23:17:46] local.INFO: Category slug lookup (stored) result: BRAND NEW MOTHERBOARD  
[2025-10-12 23:17:46] local.INFO: Category route binding - Value: brand-new-graphic-card-vga, Field: null  
[2025-10-12 23:17:46] local.INFO: Category slug lookup (stored) result: BRAND NEW GRAPHIC CARD (VGA)  
[2025-10-12 23:17:46] local.INFO: Category route binding - Value: brand-new-motherboard, Field: null  
[2025-10-12 23:17:46] local.INFO: Category slug lookup (stored) result: BRAND NEW MOTHERBOARD  
[2025-10-12 23:17:46] local.INFO: Product route binding - Value: msi-pro-b760m-e-ddr5-motherboard, Field: null  
[2025-10-12 23:17:46] local.INFO: Product found via database slug: MSI PRO B760M-E DDR5 MOTHERBOARD   
[2025-10-12 23:17:46] local.INFO: ProductController@show - Category: BRAND NEW MOTHERBOARD (ID: 413), Product: MSI PRO B760M-E DDR5 MOTHERBOARD  (ID: 3059, Category: 383)  
[2025-10-12 23:17:47] local.INFO: Cart add request: {"product_id":3223,"quantity":1} 
[2025-10-12 23:17:47] local.INFO: Product found: {"product":3223} 
[2025-10-12 23:17:48] local.INFO: Cart add request: {"product_id":3223,"quantity":1} 
[2025-10-12 23:17:48] local.INFO: Product found: {"product":3223} 
[2025-10-12 23:17:49] local.INFO: Cart add request: {"product_id":461,"quantity":1} 
[2025-10-12 23:17:49] local.INFO: Product found: {"product":461} 
[2025-10-12 23:17:50] local.INFO: Cart add request: {"product_id":3059,"quantity":1} 
[2025-10-12 23:17:50] local.INFO: Product found: {"product":3059} 
[2025-10-12 23:17:51] local.INFO: Cart add request: {"product_id":2930,"quantity":1} 
[2025-10-12 23:17:51] local.INFO: Product found: {"product":2930} 
[2025-10-12 23:17:56] local.INFO: Cart add request: {"product_id":2595,"quantity":1} 
[2025-10-12 23:17:56] local.INFO: Product found: {"product":2595} 
[2025-10-12 23:17:57] local.INFO: Cart add request: {"product_id":2843,"quantity":1} 
[2025-10-12 23:17:57] local.INFO: Product found: {"product":2843} 
[2025-10-12 23:18:03] local.INFO: FallbackController - Unknown URL: .well-known/appspecific/com.chrome.devtools.json  
[2025-10-12 23:18:12] local.INFO: Category route binding - Value: brand-new-motherboard, Field: null  
[2025-10-12 23:18:12] local.INFO: Category slug lookup (stored) result: BRAND NEW MOTHERBOARD  
[2025-10-12 23:18:12] local.INFO: Product route binding - Value: msi-pro-b840m-p-ddr5-wi-fi6e-motherboard, Field: null  
[2025-10-12 23:18:12] local.INFO: Product found via database slug: MSI PRO B840M P DDR5 (WI-FI6E) MOTHERBOARD  
[2025-10-12 23:18:12] local.INFO: ProductController@show - Category: BRAND NEW MOTHERBOARD (ID: 413), Product: MSI PRO B840M P DDR5 (WI-FI6E) MOTHERBOARD (ID: 3223, Category: 383)  
[2025-10-12 23:18:15] local.INFO: Category route binding - Value: brand-new-motherboard, Field: null  
[2025-10-12 23:18:15] local.INFO: Category slug lookup (stored) result: BRAND NEW MOTHERBOARD  
[2025-10-12 23:18:15] local.INFO: Product route binding - Value: msi-pro-b840m-p-ddr5-wi-fi6e-motherboard, Field: null  
[2025-10-12 23:18:15] local.INFO: Product found via database slug: MSI PRO B840M P DDR5 (WI-FI6E) MOTHERBOARD  
[2025-10-12 23:18:16] local.INFO: ProductController@show - Category: BRAND NEW MOTHERBOARD (ID: 413), Product: MSI PRO B840M P DDR5 (WI-FI6E) MOTHERBOARD (ID: 3223, Category: 383)  
[2025-10-12 23:18:16] local.INFO: Category route binding - Value: brand-new-graphic-card-vga, Field: null  
[2025-10-12 23:18:16] local.INFO: Category slug lookup (stored) result: BRAND NEW GRAPHIC CARD (VGA)  
[2025-10-12 23:18:16] local.INFO: Category route binding - Value: brand-new-motherboard, Field: null  
[2025-10-12 23:18:16] local.INFO: Category slug lookup (stored) result: BRAND NEW MOTHERBOARD  
[2025-10-12 23:18:16] local.INFO: Product route binding - Value: msi-pro-b760m-e-ddr5-motherboard, Field: null  
[2025-10-12 23:18:16] local.INFO: Product found via database slug: MSI PRO B760M-E DDR5 MOTHERBOARD   
[2025-10-12 23:18:16] local.INFO: ProductController@show - Category: BRAND NEW MOTHERBOARD (ID: 413), Product: MSI PRO B760M-E DDR5 MOTHERBOARD  (ID: 3059, Category: 383)  
[2025-10-12 23:19:07] local.INFO: FallbackController - Unknown URL: .well-known/appspecific/com.chrome.devtools.json  
[2025-10-12 23:19:20] local.INFO: Category route binding - Value: brand-new-motherboard, Field: null  
[2025-10-12 23:19:20] local.INFO: Category slug lookup (stored) result: BRAND NEW MOTHERBOARD  
[2025-10-12 23:19:20] local.INFO: Product route binding - Value: msi-pro-b760m-e-ddr5-motherboard, Field: null  
[2025-10-12 23:19:20] local.INFO: Product found via database slug: MSI PRO B760M-E DDR5 MOTHERBOARD   
[2025-10-12 23:19:20] local.INFO: ProductController@show - Category: BRAND NEW MOTHERBOARD (ID: 413), Product: MSI PRO B760M-E DDR5 MOTHERBOARD  (ID: 3059, Category: 383)  
[2025-10-12 23:19:21] local.INFO: Category route binding - Value: brand-new-graphic-card-vga, Field: null  
[2025-10-12 23:19:21] local.INFO: Category slug lookup (stored) result: BRAND NEW GRAPHIC CARD (VGA)  
[2025-10-12 23:19:22] local.INFO: FallbackController - Unknown URL: .well-known/appspecific/com.chrome.devtools.json  
[2025-10-12 23:19:30] local.INFO: Category route binding - Value: brand-new-motherboard, Field: null  
[2025-10-12 23:19:30] local.INFO: Category slug lookup (stored) result: BRAND NEW MOTHERBOARD  
[2025-10-12 23:19:30] local.INFO: Product route binding - Value: msi-pro-b760m-e-ddr5-motherboard, Field: null  
[2025-10-12 23:19:30] local.INFO: Product found via database slug: MSI PRO B760M-E DDR5 MOTHERBOARD   
[2025-10-12 23:19:30] local.INFO: ProductController@show - Category: BRAND NEW MOTHERBOARD (ID: 413), Product: MSI PRO B760M-E DDR5 MOTHERBOARD  (ID: 3059, Category: 383)  
[2025-10-12 23:19:31] local.INFO: Category route binding - Value: brand-new-graphic-card-vga, Field: null  
[2025-10-12 23:19:31] local.INFO: Category slug lookup (stored) result: BRAND NEW GRAPHIC CARD (VGA)  
[2025-10-12 23:19:32] local.INFO: FallbackController - Unknown URL: .well-known/appspecific/com.chrome.devtools.json  
[2025-10-12 23:19:50] local.INFO: Category route binding - Value: brand-new-motherboard, Field: null  
[2025-10-12 23:19:50] local.INFO: Category slug lookup (stored) result: BRAND NEW MOTHERBOARD  
[2025-10-12 23:19:50] local.INFO: Product route binding - Value: msi-pro-b760m-e-ddr5-motherboard, Field: null  
[2025-10-12 23:19:50] local.INFO: Product found via database slug: MSI PRO B760M-E DDR5 MOTHERBOARD   
[2025-10-12 23:19:50] local.INFO: ProductController@show - Category: BRAND NEW MOTHERBOARD (ID: 413), Product: MSI PRO B760M-E DDR5 MOTHERBOARD  (ID: 3059, Category: 383)  
[2025-10-12 23:19:52] local.INFO: Category route binding - Value: brand-new-graphic-card-vga, Field: null  
[2025-10-12 23:19:52] local.INFO: Category slug lookup (stored) result: BRAND NEW GRAPHIC CARD (VGA)  
[2025-10-12 23:19:53] local.INFO: FallbackController - Unknown URL: .well-known/appspecific/com.chrome.devtools.json  
[2025-10-13 00:13:37] local.INFO: Cart page accessed {"referer":"http://127.0.0.1:8000/brand-new-motherboard/msi-pro-b760m-e-ddr5-motherboard","user_agent":"Mozilla/5.0 (Linux; Android 13; Pixel 7) AppleWebKit/537.36 (KHTML, like Gecko) Chrome/141.0.0.0 Mobile Safari/537.36","query_params":[],"session_id":"H2HHX926R8fHwVLwf8IKM94dqTCBZ9ZtpNvLtgPv","user_id":null,"timestamp":"2025-10-13 00:13:37"} 
[2025-10-13 00:13:37] local.INFO: FallbackController - Unknown URL: .well-known/appspecific/com.chrome.devtools.json  
[2025-10-13 00:13:43] local.INFO: FallbackController - Unknown URL: .well-known/appspecific/com.chrome.devtools.json  
